c:\users\billy scranner\documents\dev\cpp\game2\game\game\debug\vc142.pdb
c:\users\billy scranner\documents\dev\cpp\game2\game\game\debug\vc142.idb
c:\users\billy scranner\documents\dev\cpp\game2\game\game\debug\source.obj
c:\users\billy scranner\documents\dev\cpp\game2\game\game\debug\splinter.obj
c:\users\billy scranner\documents\dev\cpp\game2\game\game\debug\physicsserver.obj
c:\users\billy scranner\documents\dev\cpp\game2\game\game\debug\physicsbullet.obj
c:\users\billy scranner\documents\dev\cpp\game2\game\game\debug\logicserver.obj
c:\users\billy scranner\documents\dev\cpp\game2\game\game\debug\logicbullet.obj
c:\users\billy scranner\documents\dev\cpp\game2\game\game\debug\graphicsserver.obj
c:\users\billy scranner\documents\dev\cpp\game2\game\game\debug\graphicsbullet.obj
c:\users\billy scranner\documents\dev\cpp\game2\game\game\debug\applicationbuilder.obj
c:\users\billy scranner\documents\dev\cpp\game2\game\game\debug\application.obj
c:\users\billy scranner\documents\dev\cpp\game2\game\debug\game.pdb
c:\users\billy scranner\documents\dev\cpp\game2\game\game\debug\game.tlog\cl.command.1.tlog
c:\users\billy scranner\documents\dev\cpp\game2\game\game\debug\game.tlog\cl.read.1.tlog
c:\users\billy scranner\documents\dev\cpp\game2\game\game\debug\game.tlog\cl.write.1.tlog
c:\users\billy scranner\documents\dev\cpp\game2\game\game\debug\game.tlog\link-cvtres.read.1.tlog
c:\users\billy scranner\documents\dev\cpp\game2\game\game\debug\game.tlog\link-cvtres.write.1.tlog
c:\users\billy scranner\documents\dev\cpp\game2\game\game\debug\game.tlog\link-rc.read.1.tlog
c:\users\billy scranner\documents\dev\cpp\game2\game\game\debug\game.tlog\link-rc.write.1.tlog
c:\users\billy scranner\documents\dev\cpp\game2\game\game\debug\game.tlog\link.command.1.tlog
c:\users\billy scranner\documents\dev\cpp\game2\game\game\debug\game.tlog\link.read.1.tlog
c:\users\billy scranner\documents\dev\cpp\game2\game\game\debug\game.tlog\link.write.1.tlog
